0 info it worked if it ends with ok
1 verbose cli [ '/usr/local/n/versions/node/7.6.0/bin/node',
1 verbose cli   '/usr/local/n/versions/node/7.6.0/bin/npm',
1 verbose cli   'publish',
1 verbose cli   'dist' ]
2 info using npm@4.1.2
3 info using node@v7.6.0
4 verbose publish [ 'dist' ]
5 silly cache add args [ 'dist', null ]
6 verbose cache add spec dist
7 silly cache add parsed spec Result {
7 silly cache add   raw: 'dist',
7 silly cache add   scope: null,
7 silly cache add   escapedName: 'dist',
7 silly cache add   name: 'dist',
7 silly cache add   rawSpec: '',
7 silly cache add   spec: 'latest',
7 silly cache add   type: 'tag' }
8 silly addNamed dist@latest
9 verbose addNamed "latest" is being treated as a dist-tag for dist
10 info addNameTag [ 'dist', 'latest' ]
11 silly mapToRegistry name dist
12 silly mapToRegistry using default registry
13 silly mapToRegistry registry https://registry.npmjs.org/
14 silly mapToRegistry data Result {
14 silly mapToRegistry   raw: 'dist',
14 silly mapToRegistry   scope: null,
14 silly mapToRegistry   escapedName: 'dist',
14 silly mapToRegistry   name: 'dist',
14 silly mapToRegistry   rawSpec: '',
14 silly mapToRegistry   spec: 'latest',
14 silly mapToRegistry   type: 'tag' }
15 silly mapToRegistry uri https://registry.npmjs.org/dist
16 verbose addNameTag registry:https://registry.npmjs.org/dist not in flight; fetching
17 verbose request uri https://registry.npmjs.org/dist
18 verbose request no auth needed
19 info attempt registry request try #1 at 13:08:21
20 verbose request using bearer token for auth
21 verbose request id d1dd170d280581ee
22 http request GET https://registry.npmjs.org/dist
23 http 200 https://registry.npmjs.org/dist
24 verbose headers { server: 'nginx/1.10.3',
24 verbose headers   'content-type': 'application/json',
24 verbose headers   'last-modified': 'Thu, 27 Jul 2017 00:31:38 GMT',
24 verbose headers   etag: 'W/"5979346a-fe2"',
24 verbose headers   'content-encoding': 'gzip',
24 verbose headers   'cache-control': 'max-age=300',
24 verbose headers   'transfer-encoding': 'chunked',
24 verbose headers   'accept-ranges': 'bytes',
24 verbose headers   date: 'Wed, 15 Nov 2017 05:08:21 GMT',
24 verbose headers   via: '1.1 varnish',
24 verbose headers   connection: 'keep-alive',
24 verbose headers   'x-served-by': 'cache-sin18022-SIN',
24 verbose headers   'x-cache': 'MISS',
24 verbose headers   'x-cache-hits': '0',
24 verbose headers   'x-timer': 'S1510722502.575146,VS0,VE145',
24 verbose headers   vary: 'Accept-Encoding, Accept' }
25 silly get cb [ 200,
25 silly get   { server: 'nginx/1.10.3',
25 silly get     'content-type': 'application/json',
25 silly get     'last-modified': 'Thu, 27 Jul 2017 00:31:38 GMT',
25 silly get     etag: 'W/"5979346a-fe2"',
25 silly get     'content-encoding': 'gzip',
25 silly get     'cache-control': 'max-age=300',
25 silly get     'transfer-encoding': 'chunked',
25 silly get     'accept-ranges': 'bytes',
25 silly get     date: 'Wed, 15 Nov 2017 05:08:21 GMT',
25 silly get     via: '1.1 varnish',
25 silly get     connection: 'keep-alive',
25 silly get     'x-served-by': 'cache-sin18022-SIN',
25 silly get     'x-cache': 'MISS',
25 silly get     'x-cache-hits': '0',
25 silly get     'x-timer': 'S1510722502.575146,VS0,VE145',
25 silly get     vary: 'Accept-Encoding, Accept' } ]
26 verbose get saving dist to /Users/Mizi/.npm/registry.npmjs.org/dist/.cache.json
27 verbose correctMkdir /Users/Mizi/.npm correctMkdir not in flight; initializing
28 silly addNameTag next cb for dist with tag latest
29 silly addNamed dist@0.1.2
30 verbose addNamed "0.1.2" is a plain semver version for dist
31 silly mapToRegistry name dist
32 silly mapToRegistry using default registry
33 silly mapToRegistry registry https://registry.npmjs.org/
34 silly mapToRegistry data Result {
34 silly mapToRegistry   raw: 'dist',
34 silly mapToRegistry   scope: null,
34 silly mapToRegistry   escapedName: 'dist',
34 silly mapToRegistry   name: 'dist',
34 silly mapToRegistry   rawSpec: '',
34 silly mapToRegistry   spec: 'latest',
34 silly mapToRegistry   type: 'tag' }
35 silly mapToRegistry uri https://registry.npmjs.org/dist
36 verbose addRemoteTarball https://registry.npmjs.org/dist/-/dist-0.1.2.tgz not in flight; adding
37 verbose addRemoteTarball [ 'https://registry.npmjs.org/dist/-/dist-0.1.2.tgz',
37 verbose addRemoteTarball   '8898629cc251297e36d1354a9a9598619aba5b1a' ]
38 info retry fetch attempt 1 at 13:08:21
39 info attempt registry request try #1 at 13:08:21
40 http fetch GET https://registry.npmjs.org/dist/-/dist-0.1.2.tgz
41 verbose request using bearer token for auth
42 http fetch 200 https://registry.npmjs.org/dist/-/dist-0.1.2.tgz
43 silly fetchAndShaCheck shasum 8898629cc251297e36d1354a9a9598619aba5b1a
44 verbose addTmpTarball /var/folders/jn/q4y0c6gn69l8_ykzv1p7pmtr0000gn/T/npm-70667-98eb1254/registry.npmjs.org/dist/-/dist-0.1.2.tgz not in flight; adding
45 verbose addTmpTarball already have metadata; skipping unpack for dist@0.1.2
46 verbose correctMkdir /Users/Mizi/.npm correctMkdir not in flight; initializing
47 silly cache afterAdd dist@0.1.2
48 verbose afterAdd /Users/Mizi/.npm/dist/0.1.2/package/package.json not in flight; writing
49 verbose correctMkdir /Users/Mizi/.npm correctMkdir not in flight; initializing
50 verbose afterAdd /Users/Mizi/.npm/dist/0.1.2/package/package.json written
51 silly publish { name: 'dist',
51 silly publish   description: 'a cli tool and library to create development and production versions for the browser',
51 silly publish   homepage: 'https://github.com/jgallen23/dist',
51 silly publish   author: { name: 'Greg Allen', email: '@jgaui', url: 'http://jga.me' },
51 silly publish   version: '0.1.2',
51 silly publish   repository: { type: 'git', url: 'https://github.com/jgallen23/dist.git' },
51 silly publish   dependencies: { 'uglify-js': '~1.3.4', filesize: '~1.6.6', optimist: '~0.3.5' },
51 silly publish   devDependencies: { mocha: '*' },
51 silly publish   main: './lib/dist.js',
51 silly publish   scripts: { test: 'mocha' },
51 silly publish   bin: { dist: './bin/dist.js' },
51 silly publish   _id: 'dist@0.1.2',
51 silly publish   dist:
51 silly publish    { shasum: '8898629cc251297e36d1354a9a9598619aba5b1a',
51 silly publish      tarball: 'https://registry.npmjs.org/dist/-/dist-0.1.2.tgz' },
51 silly publish   _npmVersion: '1.1.63',
51 silly publish   _npmUser: { name: 'jga', email: 'me@jga.me' },
51 silly publish   maintainers: [ { name: 'jga', email: 'me@jga.me' } ],
51 silly publish   directories: {},
51 silly publish   _shasum: '8898629cc251297e36d1354a9a9598619aba5b1a',
51 silly publish   _resolved: 'https://registry.npmjs.org/dist/-/dist-0.1.2.tgz',
51 silly publish   _from: 'dist@latest' }
52 verbose getPublishConfig undefined
53 silly mapToRegistry name dist
54 silly mapToRegistry using default registry
55 silly mapToRegistry registry https://registry.npmjs.org/
56 silly mapToRegistry data Result {
56 silly mapToRegistry   raw: 'dist',
56 silly mapToRegistry   scope: null,
56 silly mapToRegistry   escapedName: 'dist',
56 silly mapToRegistry   name: 'dist',
56 silly mapToRegistry   rawSpec: '',
56 silly mapToRegistry   spec: 'latest',
56 silly mapToRegistry   type: 'tag' }
57 silly mapToRegistry uri https://registry.npmjs.org/dist
58 verbose publish registryBase https://registry.npmjs.org/
59 silly publish uploading /Users/Mizi/.npm/dist/0.1.2/package.tgz
60 verbose request uri https://registry.npmjs.org/dist
61 verbose request sending authorization for write operation
62 info attempt registry request try #1 at 13:08:21
63 verbose request using bearer token for auth
64 http request PUT https://registry.npmjs.org/dist
65 http 403 https://registry.npmjs.org/dist
66 verbose headers { 'content-type': 'application/json',
66 verbose headers   'cache-control': 'max-age=300',
66 verbose headers   'content-length': '98',
66 verbose headers   'accept-ranges': 'bytes',
66 verbose headers   date: 'Wed, 15 Nov 2017 05:08:22 GMT',
66 verbose headers   via: '1.1 varnish',
66 verbose headers   connection: 'keep-alive',
66 verbose headers   'x-served-by': 'cache-sin18022-SIN',
66 verbose headers   'x-cache': 'MISS',
66 verbose headers   'x-cache-hits': '0',
66 verbose headers   'x-timer': 'S1510722502.952781,VS0,VE268',
66 verbose headers   vary: 'Accept-Encoding, Accept' }
67 verbose request invalidating /Users/Mizi/.npm/registry.npmjs.org/dist on PUT
68 error publish Failed PUT 403
69 verbose stack Error: You do not have permission to publish "dist". Are you logged in as the correct user? : dist
69 verbose stack     at makeError (/usr/local/n/versions/node/7.6.0/lib/node_modules/npm/node_modules/npm-registry-client/lib/request.js:304:12)
69 verbose stack     at CachingRegistryClient.<anonymous> (/usr/local/n/versions/node/7.6.0/lib/node_modules/npm/node_modules/npm-registry-client/lib/request.js:292:14)
69 verbose stack     at Request._callback (/usr/local/n/versions/node/7.6.0/lib/node_modules/npm/node_modules/npm-registry-client/lib/request.js:212:14)
69 verbose stack     at Request.self.callback (/usr/local/n/versions/node/7.6.0/lib/node_modules/npm/node_modules/request/request.js:186:22)
69 verbose stack     at emitTwo (events.js:106:13)
69 verbose stack     at Request.emit (events.js:192:7)
69 verbose stack     at Request.<anonymous> (/usr/local/n/versions/node/7.6.0/lib/node_modules/npm/node_modules/request/request.js:1081:10)
69 verbose stack     at emitOne (events.js:96:13)
69 verbose stack     at Request.emit (events.js:189:7)
69 verbose stack     at IncomingMessage.<anonymous> (/usr/local/n/versions/node/7.6.0/lib/node_modules/npm/node_modules/request/request.js:1001:12)
70 verbose statusCode 403
71 verbose pkgid dist
72 verbose cwd /Users/Mizi/git/mu
73 error Darwin 17.2.0
74 error argv "/usr/local/n/versions/node/7.6.0/bin/node" "/usr/local/n/versions/node/7.6.0/bin/npm" "publish" "dist"
75 error node v7.6.0
76 error npm  v4.1.2
77 error code E403
78 error You do not have permission to publish "dist". Are you logged in as the correct user? : dist
79 error If you need help, you may report this error at:
79 error     <https://github.com/npm/npm/issues>
80 verbose exit [ 1, true ]
